<?xml version="1.0" encoding="UTF-8"?>
<!-- Generated by org.testng.reporters.JUnitReportReporter -->
<testsuite hostname="DESKTOP-HNEEH8I" failures="0" tests="3" name="automation.TestNGDemo1" time="0.039" errors="0" timestamp="2023-07-13T19:50:19 IST" skipped="0">
  <testcase classname="automation.TestNGDemo1" name="loginTesting" time="0.012"/>
  <testcase classname="automation.TestNGDemo1" name="changePassword" time="0.004"/>
  <testcase classname="automation.TestNGDemo1" name="registrationTest" time="0.023"/>
</testsuite> <!-- automation.TestNGDemo1 -->
