<?xml version="1.0" encoding="UTF-8"?>
<!-- Generated by org.testng.reporters.JUnitReportReporter -->
<testsuite hostname="DESKTOP-HNEEH8I" failures="0" tests="1" name="automation.DragAndDropOnECsIte" time="19.487" errors="0" timestamp="2023-07-19T14:10:12 IST" skipped="0">
  <testcase classname="automation.DragAndDropOnECsIte" name="dragTheButton" time="19.487"/>
</testsuite> <!-- automation.DragAndDropOnECsIte -->
