<?xml version="1.0" encoding="UTF-8"?>
<!-- Generated by org.testng.reporters.JUnitReportReporter -->
<testsuite hostname="DESKTOP-HNEEH8I" failures="0" tests="1" name="automation.WindowHandling3" time="64.453" errors="0" timestamp="2023-07-16T13:58:01 IST" skipped="0">
  <testcase classname="automation.WindowHandling3" name="wHTOLiveTEchWeb" time="64.453"/>
</testsuite> <!-- automation.WindowHandling3 -->
