<?xml version="1.0" encoding="UTF-8"?>
<!-- Generated by org.testng.reporters.JUnitReportReporter -->
<testsuite hostname="DESKTOP-HNEEH8I" failures="0" tests="1" name="automation.ScrollToDown" time="70.513" errors="0" timestamp="2023-07-24T09:18:14 IST" skipped="0">
  <testcase classname="automation.ScrollToDown" name="scrollDownToView" time="70.513"/>
</testsuite> <!-- automation.ScrollToDown -->
