<?xml version="1.0" encoding="UTF-8"?>
<!-- Generated by org.testng.reporters.JUnitReportReporter -->
<testsuite hostname="DESKTOP-HNEEH8I" failures="0" tests="1" name="automation.MiscelleneousActions" time="10.142" errors="0" timestamp="2023-07-14T15:49:02 IST" skipped="0">
  <testcase classname="automation.MiscelleneousActions" name="mouseHovering" time="10.142"/>
</testsuite> <!-- automation.MiscelleneousActions -->
