<?xml version="1.0" encoding="UTF-8"?>
<!-- Generated by org.testng.reporters.JUnitReportReporter -->
<testsuite hostname="DESKTOP-HNEEH8I" failures="0" tests="1" name="automation.RadioButtons" time="10.979" errors="0" timestamp="2023-07-22T17:00:54 IST" skipped="0">
  <testcase classname="automation.RadioButtons" name="radioButtonTesting" time="10.979"/>
</testsuite> <!-- automation.RadioButtons -->
