<?xml version="1.0" encoding="UTF-8"?>
<!-- Generated by org.testng.reporters.JUnitReportReporter -->
<testsuite hostname="DESKTOP-HNEEH8I" failures="0" tests="2" name="automation.AlertHandling$FrameHandling1" time="16.183" errors="0" timestamp="2023-07-16T10:43:44 IST" skipped="0">
  <testcase classname="automation.AlertHandling$FrameHandling1" name="loginNoUsernameNoPasswordTest" time="6.107"/>
  <testcase classname="automation.AlertHandling$FrameHandling1" name="loginUsernameNoPasswordTest" time="10.076"/>
</testsuite> <!-- automation.AlertHandling$FrameHandling1 -->
