<?xml version="1.0" encoding="UTF-8"?>
<!-- Generated by org.testng.reporters.JUnitReportReporter -->
<testsuite hostname="DESKTOP-HNEEH8I" failures="0" tests="1" name="automation.RightClick" time="13.327" errors="0" timestamp="2023-07-14T17:07:53 IST" skipped="0">
  <testcase classname="automation.RightClick" name="rightClickTest" time="13.327"/>
</testsuite> <!-- automation.RightClick -->
