<?xml version="1.0" encoding="UTF-8"?>
<!-- Generated by org.testng.reporters.JUnitReportReporter -->
<testsuite hostname="DESKTOP-HNEEH8I" failures="0" tests="1" name="automation.Waits1" time="5.649" errors="0" timestamp="2023-07-21T13:37:35 IST" skipped="0">
  <testcase classname="automation.Waits1" name="waitsTesting" time="5.649"/>
</testsuite> <!-- automation.Waits1 -->
