<?xml version="1.0" encoding="UTF-8"?>
<!-- Generated by org.testng.reporters.JUnitReportReporter -->
<testsuite hostname="DESKTOP-HNEEH8I" failures="0" tests="1" name="automation.AlertHandling2" time="23.719" errors="0" timestamp="2023-07-17T17:50:07 IST" skipped="0">
  <testcase classname="automation.AlertHandling2" name="alHOnGuru" time="23.719"/>
</testsuite> <!-- automation.AlertHandling2 -->
