<?xml version="1.0" encoding="UTF-8"?>
<!-- Generated by org.testng.reporters.JUnitReportReporter -->
<testsuite hostname="DESKTOP-HNEEH8I" failures="0" tests="1" name="automation.MouseHovering2" time="19.257" errors="0" timestamp="2023-07-23T11:07:46 IST" skipped="0">
  <testcase classname="automation.MouseHovering2" name="mouseHoverInDemo" time="19.257"/>
</testsuite> <!-- automation.MouseHovering2 -->
