<?xml version="1.0" encoding="UTF-8"?>
<!-- Generated by org.testng.reporters.JUnitReportReporter -->
<testsuite hostname="DESKTOP-HNEEH8I" failures="0" tests="1" name="automation.WebTables2$RadioButtons" time="45.432" errors="0" timestamp="2023-07-22T21:14:18 IST" skipped="0">
  <testcase classname="automation.WebTables2$RadioButtons" name="webtablesTesting" time="45.432"/>
</testsuite> <!-- automation.WebTables2$RadioButtons -->
