<?xml version="1.0" encoding="UTF-8"?>
<!-- Generated by org.testng.reporters.JUnitReportReporter -->
<testsuite hostname="DESKTOP-HNEEH8I" failures="0" tests="1" name="automation.ScreenShot1" time="8.955" errors="0" timestamp="2023-07-17T19:18:56 IST" skipped="0">
  <testcase classname="automation.ScreenShot1" name="takingScreenshot" time="8.955"/>
</testsuite> <!-- automation.ScreenShot1 -->
