<?xml version="1.0" encoding="UTF-8"?>
<!-- Generated by org.testng.reporters.JUnitReportReporter -->
<testsuite hostname="DESKTOP-HNEEH8I" failures="0" tests="1" name="automation.FrameHandling2" time="27.319" errors="0" timestamp="2023-07-16T18:49:10 IST" skipped="0">
  <testcase classname="automation.FrameHandling2" name="printingTheLinksInTheFrame" time="27.319"/>
</testsuite> <!-- automation.FrameHandling2 -->
