<?xml version="1.0" encoding="UTF-8"?>
<!-- Generated by org.testng.reporters.JUnitReportReporter -->
<testsuite hostname="DESKTOP-HNEEH8I" failures="0" tests="1" name="automation.DynamivWebTables" time="39.668" errors="0" timestamp="2023-07-23T16:55:16 IST" skipped="0">
  <testcase classname="automation.DynamivWebTables" name="dynamicTables" time="39.668"/>
</testsuite> <!-- automation.DynamivWebTables -->
