<?xml version="1.0" encoding="UTF-8"?>
<!-- Generated by org.testng.reporters.JUnitReportReporter -->
<testsuite hostname="DESKTOP-HNEEH8I" failures="0" tests="1" name="automation.CheckBoxes" time="10.542" errors="0" timestamp="2023-07-23T17:46:32 IST" skipped="0">
  <testcase classname="automation.CheckBoxes" name="checkBoxes1" time="10.542"/>
</testsuite> <!-- automation.CheckBoxes -->
