<?xml version="1.0" encoding="UTF-8"?>
<!-- Generated by org.testng.reporters.JUnitReportReporter -->
<testsuite hostname="DESKTOP-HNEEH8I" failures="0" tests="1" name="automation.FrameHandling1" time="12.516" errors="0" timestamp="2023-07-15T22:34:59 IST" skipped="0">
  <testcase classname="automation.FrameHandling1" name="framesHandling" time="12.516"/>
</testsuite> <!-- automation.FrameHandling1 -->
