<?xml version="1.0" encoding="UTF-8"?>
<!-- Generated by org.testng.reporters.JUnitReportReporter -->
<testsuite hostname="DESKTOP-HNEEH8I" failures="0" tests="1" name="automation.WindowHandling1" time="33.377" errors="0" timestamp="2023-07-15T19:20:35 IST" skipped="0">
  <testcase classname="automation.WindowHandling1" name="multipleWindowHandles" time="33.377"/>
</testsuite> <!-- automation.WindowHandling1 -->
