<?xml version="1.0" encoding="UTF-8"?>
<!-- Generated by org.testng.reporters.JUnitReportReporter -->
<testsuite hostname="DESKTOP-HNEEH8I" failures="0" tests="1" name="automation.WindowHandling2" time="33.437" errors="0" timestamp="2023-07-18T16:35:46 IST" skipped="0">
  <testcase classname="automation.WindowHandling2" name="multipleWindowHandles" time="33.437"/>
</testsuite> <!-- automation.WindowHandling2 -->
