<?xml version="1.0" encoding="UTF-8"?>
<!-- Generated by org.testng.reporters.JUnitReportReporter -->
<testsuite hostname="DESKTOP-HNEEH8I" failures="0" tests="1" name="automation.WebTables$RadioButtons" time="35.091" errors="0" timestamp="2023-07-22T20:25:33 IST" skipped="0">
  <testcase classname="automation.WebTables$RadioButtons" name="webtablesTesting" time="35.091"/>
</testsuite> <!-- automation.WebTables$RadioButtons -->
