<?xml version="1.0" encoding="UTF-8"?>
<!-- Generated by org.testng.reporters.JUnitReportReporter -->
<testsuite hostname="DESKTOP-HNEEH8I" failures="0" tests="1" name="automation.ScreenShots2" time="10.697" errors="0" timestamp="2023-07-18T19:06:58 IST" skipped="0">
  <testcase classname="automation.ScreenShots2" name="takeScreenshotWithTime" time="10.697"/>
</testsuite> <!-- automation.ScreenShots2 -->
