<?xml version="1.0" encoding="UTF-8"?>
<!-- Generated by org.testng.reporters.JUnitReportReporter -->
<testsuite hostname="DESKTOP-HNEEH8I" failures="0" tests="1" name="automation.FluentWait1" time="11.048" errors="0" timestamp="2023-07-21T15:19:25 IST" skipped="0">
  <testcase classname="automation.FluentWait1" name="waitsTesting" time="11.048"/>
</testsuite> <!-- automation.FluentWait1 -->
