<?xml version="1.0" encoding="UTF-8"?>
<!-- Generated by org.testng.reporters.JUnitReportReporter -->
<testsuite hostname="DESKTOP-HNEEH8I" failures="0" tests="1" name="automation.MouseHovering" time="21.967" errors="0" timestamp="2023-07-19T19:08:12 IST" skipped="0">
  <testcase classname="automation.MouseHovering" name="mouseHover" time="21.967"/>
</testsuite> <!-- automation.MouseHovering -->
