<?xml version="1.0" encoding="UTF-8"?>
<!-- Generated by org.testng.reporters.JUnitReportReporter -->
<testsuite hostname="DESKTOP-HNEEH8I" failures="0" tests="1" name="automation.ExplicitWait12" time="54.168" errors="0" timestamp="2023-07-21T14:53:18 IST" skipped="0">
  <testcase classname="automation.ExplicitWait12" name="waitsTesting" time="54.168"/>
</testsuite> <!-- automation.ExplicitWait12 -->
