<?xml version="1.0" encoding="UTF-8"?>
<!-- Generated by org.testng.reporters.JUnitReportReporter -->
<testsuite hostname="DESKTOP-HNEEH8I" failures="0" tests="1" name="testscripts.regression.ValidteSearchHotelUsingDataProvider" time="10.735" errors="0" timestamp="2023-08-21T18:22:54 IST" skipped="0">
  <testcase classname="testscripts.regression.ValidteSearchHotelUsingDataProvider" name="validationShotelUsingDP" time="10.735"/>
  <system-out/>
</testsuite> <!-- testscripts.regression.ValidteSearchHotelUsingDataProvider -->
